<?xml version="1.0" encoding="UTF-8"?>
<!-- Generated by org.testng.reporters.JUnitXMLReporter -->
<testsuite ignored="0" hostname="iMacs-iMac" failures="1" tests="5" name="Test" time="69.451" errors="0" timestamp="2020-12-23T21:37:39 CET">
  <testcase classname="Academy.AppTest" name="shouldAnswerWithTrue" time="0.144"/>
  <testcase classname="Academy.ValidateNavigationBar" name="basePageNavigation" time="18.084">
    <failure type="java.lang.AssertionError">
      <![CDATA[java.lang.AssertionError: 
at Academy.ValidateNavigationBar.basePageNavigation(ValidateNavigationBar.java:35)
at java.base/java.util.ArrayList.forEach(ArrayList.java:1511)
... Removed 31 stack frames]]>
    </failure>
  </testcase> <!-- basePageNavigation -->
  <testcase classname="Academy.ValidateTitle" name="basePageNavigation" time="6.783"/>
  <testcase classname="Academy.HomePage" name="basePageNavigation" time="12.294"/>
  <testcase classname="Academy.HomePage" name="basePageNavigation" time="6.12"/>
</testsuite> <!-- Test -->
