<?xml version="1.0" encoding="UTF-8"?>
<!-- Generated by org.testng.reporters.JUnitXMLReporter -->
<testsuite hostname="iMacs-iMac" failures="1" tests="5" name="Test" time="43.332" errors="0" timestamp="24 Dec 2020 13:38:46 GMT">
  <testcase classname="Academy.AppTest" name="shouldAnswerWithTrue" time="0.047"/>
  <testcase classname="Academy.ValidateNavigationBar" name="basePageNavigation" time="6.188"/>
  <testcase classname="Academy.ValidateTitle" name="basePageNavigation" time="7.501">
    <failure type="java.lang.AssertionError" message="expected:&amp;lt;FEATURED COURSES&amp;gt; but was:&amp;lt;FEATURED COURSES123&amp;gt;">
      <![CDATA[java.lang.AssertionError: expected:<FEATURED COURSES> but was:<FEATURED COURSES123>
	at Academy.ValidateTitle.basePageNavigation(ValidateTitle.java:36)
	at org.apache.maven.surefire.testng.TestNGExecutor.run(TestNGExecutor.java:283)
	at org.apache.maven.surefire.testng.TestNGXmlTestSuite.execute(TestNGXmlTestSuite.java:75)
	at org.apache.maven.surefire.testng.TestNGProvider.invoke(TestNGProvider.java:120)
	at org.apache.maven.surefire.booter.ForkedBooter.invokeProviderInSameClassLoader(ForkedBooter.java:386)
	at org.apache.maven.surefire.booter.ForkedBooter.runSuitesInProcess(ForkedBooter.java:323)
	at org.apache.maven.surefire.booter.ForkedBooter.main(ForkedBooter.java:143)
... Removed 23 stack frames]]>
    </failure>
  </testcase> <!-- basePageNavigation -->
  <testcase classname="Academy.HomePage" name="basePageNavigation" time="9.615"/>
  <testcase classname="Academy.HomePage" name="basePageNavigation" time="5.682"/>
</testsuite> <!-- Test -->
